0 info it worked if it ends with ok
1 verbose cli [ 'C:\\Program Files\\nodejs\\node.exe',
1 verbose cli   'C:\\Program Files\\nodejs\\node_modules\\npm\\bin\\npm-cli.js',
1 verbose cli   'run',
1 verbose cli   'build' ]
2 info using npm@3.9.3
3 info using node@v6.2.1
4 verbose run-script [ 'prebuild', 'build', 'postbuild' ]
5 info lifecycle folke-etxea@1.0.0~prebuild: folke-etxea@1.0.0
6 silly lifecycle folke-etxea@1.0.0~prebuild: no script for prebuild, continuing
7 info lifecycle folke-etxea@1.0.0~build: folke-etxea@1.0.0
8 verbose lifecycle folke-etxea@1.0.0~build: unsafe-perm in lifecycle true
9 verbose lifecycle folke-etxea@1.0.0~build: PATH: C:\Program Files\nodejs\node_modules\npm\bin\node-gyp-bin;C:\Users\Sidoine\Git\Folke.Etxea\src\Folke.Etxea\node_modules\.bin;C:\Program Files\nodejs;C:\Program Files\Oculus\Support\oculus-runtime;C:\Windows\system32;C:\Windows;C:\Windows\System32\Wbem;C:\Windows\System32\WindowsPowerShell\v1.0\;C:\Program Files\Git\cmd;C:\Program Files\Microsoft SQL Server\130\Tools\Binn\;C:\Program Files (x86)\GitExtensions\;C:\Program Files\nodejs\;C:\Program Files\Microsoft SQL Server\Client SDK\ODBC\110\Tools\Binn\;C:\Program Files (x86)\Microsoft SQL Server\120\Tools\Binn\;C:\Program Files\Microsoft SQL Server\120\Tools\Binn\;C:\Program Files\Microsoft SQL Server\120\DTS\Binn\;C:\Program Files (x86)\Microsoft SQL Server\120\Tools\Binn\ManagementStudio\;C:\Program Files (x86)\Microsoft SQL Server\120\DTS\Binn\;C:\Program Files (x86)\NVIDIA Corporation\PhysX\Common;C:\Program Files (x86)\GtkSharp\2.12\bin;C:\Program Files (x86)\Skype\Phone\;C:\Program Files\dotnet\;C:\ProgramData\chocolatey\bin;C:\PostgreSQL\bin;;C:\Program Files (x86)\Microsoft VS Code\bin;C:\Users\Sidoine\AppData\Roaming\npm;C:\Program Files\kdiff3;
10 verbose lifecycle folke-etxea@1.0.0~build: CWD: C:\Users\Sidoine\Git\Folke.Etxea\src\Folke.Etxea
11 silly lifecycle folke-etxea@1.0.0~build: Args: [ '/d /s /c', 'gulp build' ]
12 silly lifecycle folke-etxea@1.0.0~build: Returned: code: 1  signal: null
13 info lifecycle folke-etxea@1.0.0~build: Failed to exec build script
14 verbose stack Error: folke-etxea@1.0.0 build: `gulp build`
14 verbose stack Exit status 1
14 verbose stack     at EventEmitter.<anonymous> (C:\Program Files\nodejs\node_modules\npm\lib\utils\lifecycle.js:245:16)
14 verbose stack     at emitTwo (events.js:106:13)
14 verbose stack     at EventEmitter.emit (events.js:191:7)
14 verbose stack     at ChildProcess.<anonymous> (C:\Program Files\nodejs\node_modules\npm\lib\utils\spawn.js:24:14)
14 verbose stack     at emitTwo (events.js:106:13)
14 verbose stack     at ChildProcess.emit (events.js:191:7)
14 verbose stack     at maybeClose (internal/child_process.js:852:16)
14 verbose stack     at Process.ChildProcess._handle.onexit (internal/child_process.js:215:5)
15 verbose pkgid folke-etxea@1.0.0
16 verbose cwd C:\Users\Sidoine\Git\Folke.Etxea\src\Folke.Etxea
17 error Windows_NT 10.0.10586
18 error argv "C:\\Program Files\\nodejs\\node.exe" "C:\\Program Files\\nodejs\\node_modules\\npm\\bin\\npm-cli.js" "run" "build"
19 error node v6.2.1
20 error npm  v3.9.3
21 error code ELIFECYCLE
22 error folke-etxea@1.0.0 build: `gulp build`
22 error Exit status 1
23 error Failed at the folke-etxea@1.0.0 build script 'gulp build'.
23 error Make sure you have the latest version of node.js and npm installed.
23 error If you do, this is most likely a problem with the folke-etxea package,
23 error not with npm itself.
23 error Tell the author that this fails on your system:
23 error     gulp build
23 error You can get information on how to open an issue for this project with:
23 error     npm bugs folke-etxea
23 error Or if that isn't available, you can get their info via:
23 error     npm owner ls folke-etxea
23 error There is likely additional logging output above.
24 verbose exit [ 1, true ]
